Arguments: 
  /home/galba/.nvm/versions/node/v16.13.0/bin/node /home/galba/.yarn/bin/yarn.js install

PATH: 
  /home/galba/.yarn/bin:/home/galba/.config/yarn/global/node_modules/.bin:/home/galba/.rbenv/plugins/ruby-build/bin:/home/galba/.rbenv/shims:/home/galba/.rbenv/bin:/home/galba/.rbenv/shims:/home/galba/.rbenv/bin:/home/galba/.rbenv/plugins/ruby-build/bin:/home/galba/.rbenv/shims:/home/galba/.rbenv/bin:/home/galba/bin:/home/galba/Downloads/google-cloud-sdk-358.0.0-linux-x86_64/google-cloud-sdk/bin:/home/galba/.nvm/versions/node/v16.13.0/bin:/home/galba/.yarn/bin:/home/galba/.config/yarn/global/node_modules/.bin:/home/galba/.rbenv/plugins/ruby-build/bin:/home/galba/.rbenv/shims:/home/galba/.rbenv/bin:/home/galba/.rbenv/shims:/home/galba/.rbenv/bin:/home/galba/.rbenv/plugins/ruby-build/bin:/home/galba/.rbenv/shims:/home/galba/.rbenv/bin:/home/galba/bin:/usr/local/sbin:/usr/local/bin:/usr/sbin:/usr/bin:/sbin:/bin:/usr/games:/usr/local/games:/snap/bin

Yarn version: 
  1.22.5

Node version: 
  16.13.0

Platform: 
  linux x64

Trace: 
  Error: EACCES: permission denied, unlink '/home/galba/CDA/ReactNative/amos/smart/node_modules/cross-env/node_modules/.bin/node-which'

npm manifest: 
  {
    "main": "node_modules/expo/AppEntry.js",
    "scripts": {
      "start": "expo start",
      "android": "expo start --android",
      "ios": "expo start --ios",
      "web": "expo start --web",
      "eject": "expo eject",
      "test": "jest"
    },
    "dependencies": {
      "@mui/icons-material": "^5.0.4",
      "@react-native-material/core": "^1.1.0",
      "@react-navigation/material-bottom-tabs": "^6.0.9",
      "@react-navigation/native": "^6.0.6",
      "@react-navigation/native-stack": "^6.2.5",
      "@reduxjs/toolkit": "^1.6.2",
      "axios": "^0.23.0",
      "expo": "~42.0.1",
      "expo-camera": "~11.2.2",
      "expo-constants": "~11.0.1",
      "expo-image-picker": "~10.2.2",
      "expo-location": "~12.1.2",
      "expo-secure-store": "~10.2.0",
      "expo-status-bar": "~1.0.4",
      "react": "16.13.1",
      "react-dom": "16.13.1",
      "react-native": "https://github.com/expo/react-native/archive/sdk-42.0.0.tar.gz",
      "react-native-dotenv": "^3.2.0",
      "react-native-elements": "^3.4.2",
      "react-native-paper": "^4.9.2",
      "react-native-safe-area-context": "3.2.0",
      "react-native-screens": "~3.4.0",
      "react-native-svg": "^12.1.1",
      "react-native-web": "~0.13.12",
      "react-redux": "^7.2.5",
      "react-test-renderer": "^17.0.2",
      "redux": "^4.1.1",
      "redux-thunk": "^2.4.0",
      "victory-native": "^35.5.5"
    },
    "devDependencies": {
      "@babel/core": "^7.9.0",
      "jest-expo": "^43.0.1",
      "typescript": "~4.0.0"
    },
    "jest": {
      "preset": "jest-expo",
      "transformIgnorePatterns": [
        "node_modules/(?!(jest-)?react-native|react-clone-referenced-element|@react-native-community|expo(nent)?|@expo(nent)?/.*|react-navigation|@react-navigation/.*|@unimodules/.*|unimodules|sentry-expo|native-base|@react-native-material/core)"
      ]
    },
    "private": true
  }

yarn manifest: 
  No manifest

Lockfile: 
  
